2020-01-17 02:41:33,914 dellemc_powermax_storagegroup.py INFO : universion_details: {'is_valid_universion': True, 'user_message': ''}
2020-01-17 02:41:33,914 dellemc_powermax_storagegroup.py INFO : Got PyU4V instance for provisioning on PowerMax 
2020-01-17 02:41:33,915 dellemc_powermax_storagegroup.py INFO : Getting storage group Ansible_Host_SG details
2020-01-17 02:41:34,621 dellemc_powermax_storagegroup.py INFO : Got error The requested resource was not found: Error get storagegroup. The status code received is 404 and the message is {'message': 'Storage Group [Ansible_Host_SG] on Symmetrix [000197600156] cannot be found'}. while getting details of storage group Ansible_Host_SG
2020-01-17 02:41:34,621 dellemc_powermax_storagegroup.py INFO : Creating storage group Ansible_Host_SG
2020-01-17 02:41:34,621 dellemc_powermax_storagegroup.py INFO : Creating empty storage group Ansible_Host_SG 
2020-01-17 02:41:36,846 dellemc_powermax_storagegroup.py INFO : Get volumes for storage group Ansible_Host_SG
2020-01-17 02:41:36,846 dellemc_powermax_storagegroup.py INFO : Getting the list of volumes from storage group Ansible_Host_SG
2020-01-17 02:41:36,859 dellemc_powermax_storagegroup.py INFO : 0 volumes present in storage group Ansible_Host_SG
2020-01-17 02:41:37,233 dellemc_powermax_storagegroup.py INFO : universion_details: {'is_valid_universion': True, 'user_message': ''}
2020-01-17 02:41:37,234 dellemc_powermax_storagegroup.py INFO : Got PyU4V instance for provisioning on PowerMax 
2020-01-17 02:41:37,234 dellemc_powermax_storagegroup.py INFO : Getting storage group Ansible_Host_SG details
2020-01-17 02:41:37,284 dellemc_powermax_storagegroup.py INFO : The storage group False needs to be modified and the modified param are {} 
2020-01-17 02:41:37,284 dellemc_powermax_storagegroup.py INFO : Create new volume(s) for storage group Ansible_Host_SG
2020-01-17 02:41:37,284 dellemc_powermax_storagegroup.py INFO : Creating new volumes for SG Ansible_Host_SG
2020-01-17 02:41:37,291 dellemc_powermax_storagegroup.py INFO : Processing vol {'vol_name': 'Ansible_Host_Dev1', 'size': 1, 'cap_unit': 'GB'}
2020-01-17 02:41:37,300 dellemc_powermax_storagegroup.py INFO : No volume found with volume identifier Ansible_Host_Dev1 in storage group Ansible_Host_SG
2020-01-17 02:41:37,300 dellemc_powermax_storagegroup.py INFO : Creating volume with name Ansible_Host_Dev1, size 1 GB
2020-01-17 02:41:47,591 dellemc_powermax_storagegroup.py INFO : Processing vol {'vol_name': 'Ansible_Host_Dev2', 'size': 1, 'cap_unit': 'GB'}
2020-01-17 02:41:47,602 dellemc_powermax_storagegroup.py INFO : No volume found with volume identifier Ansible_Host_Dev2 in storage group Ansible_Host_SG
2020-01-17 02:41:47,602 dellemc_powermax_storagegroup.py INFO : Creating volume with name Ansible_Host_Dev2, size 1 GB
2020-01-17 02:42:02,870 dellemc_powermax_storagegroup.py INFO : Processing vol {'vol_name': 'Ansible_Host_Dev3', 'size': 1, 'cap_unit': 'GB'}
2020-01-17 02:42:02,877 dellemc_powermax_storagegroup.py INFO : No volume found with volume identifier Ansible_Host_Dev3 in storage group Ansible_Host_SG
2020-01-17 02:42:02,877 dellemc_powermax_storagegroup.py INFO : Creating volume with name Ansible_Host_Dev3, size 1 GB
2020-01-17 02:42:18,162 dellemc_powermax_storagegroup.py INFO : Add existing volume(s) to storage group Ansible_Host_SG
2020-01-17 02:42:18,295 dellemc_powermax_storagegroup.py INFO : The given volumes [] are already present in storage group Ansible_Host_SG
2020-01-17 02:42:18,295 dellemc_powermax_storagegroup.py INFO : Found storage group {'storageGroupId': 'Ansible_Host_SG', 'slo': 'Bronze', 'base_slo_name': 'Bronze', 'service_level': 'Bronze', 'srp': 'SRP_1', 'slo_compliance': 'STABLE', 'num_of_vols': 0, 'num_of_child_sgs': 0, 'num_of_parent_sgs': 0, 'num_of_masking_views': 0, 'num_of_snapshots': 0, 'cap_gb': 0.0, 'device_emulation': 'N/A', 'type': 'Standalone', 'unprotected': True, 'compression': True, 'VPSaved': 'N/A'}
2020-01-17 02:42:18,295 dellemc_powermax_storagegroup.py INFO : Getting storage group Ansible_Host_SG details
2020-01-17 02:42:18,820 dellemc_powermax_host.py INFO : universion_details: {'is_valid_universion': True, 'user_message': ''}
2020-01-17 02:42:18,820 dellemc_powermax_host.py INFO : Got PyU4V instance for provisioning on PowerMax 
2020-01-17 02:42:18,820 dellemc_powermax_host.py INFO : Getting host Ansible_Host_IG details
2020-01-17 02:42:18,888 dellemc_powermax_host.py ERROR : Got error The requested resource was not found: Error get host. The status code received is 404 and the message is {'message': 'Initiator Group [Ansible_Host_IG] on Symmetrix [000197600156] cannot be found'}. while getting details of host The requested resource was not found: Error get host. The status code received is 404 and the message is {'message': 'Initiator Group [Ansible_Host_IG] on Symmetrix [000197600156] cannot be found'}.
2020-01-17 02:42:18,888 dellemc_powermax_host.py INFO : Creating host Ansible_Host_IG
2020-01-17 02:42:18,888 dellemc_powermax_host.py INFO : Creating host Ansible_Host_IG with parameters:initiators=['10000000cabffaee', '10000000cccffaef'],host_flags=None
2020-01-17 02:42:20,150 dellemc_powermax_host.py INFO : Getting host Ansible_Host_IG details
2020-01-17 02:42:20,160 dellemc_powermax_host.py INFO : changed True
2020-01-17 02:42:20,653 dellemc_powermax_portgroup.py INFO : universion_details: {'is_valid_universion': True, 'user_message': ''}
2020-01-17 02:42:20,654 dellemc_powermax_portgroup.py INFO : Got PyU4V instance for provisioning on PowerMax
2020-01-17 02:42:20,654 dellemc_powermax_portgroup.py INFO : Getting port group Ansible_Host_PG details
2020-01-17 02:42:20,698 dellemc_powermax_portgroup.py ERROR : Got error The requested resource was not found: Error get portgroup. The status code received is 404 and the message is {'message': 'Port Group [Ansible_Host_PG] on Symmetrix [000197600156] cannot be found'}. while getting details of port group The requested resource was not found: Error get portgroup. The status code received is 404 and the message is {'message': 'Port Group [Ansible_Host_PG] on Symmetrix [000197600156] cannot be found'}.
2020-01-17 02:42:20,698 dellemc_powermax_portgroup.py INFO : Creating port group Ansible_Host_PG
2020-01-17 02:42:20,698 dellemc_powermax_portgroup.py INFO : Creating port group Ansible_Host_PG with ports [{'directorId': 'FA-1D', 'portId': 8}, {'directorId': 'FA-2D', 'portId': 8}]
2020-01-17 02:42:21,796 dellemc_powermax_portgroup.py INFO : Getting port group Ansible_Host_PG details
2020-01-17 02:42:22,296 dellemc_powermax_maskingview.py INFO : universion_details: {'is_valid_universion': True, 'user_message': ''}
2020-01-17 02:42:22,296 dellemc_powermax_maskingview.py INFO : Got PyU4V instance for provisioning on PowerMax
2020-01-17 02:42:22,326 dellemc_powermax_maskingview.py INFO : Masking view Ansible_Host_MV is not present in system
2020-01-17 02:42:22,326 dellemc_powermax_maskingview.py INFO : Creating masking view Ansible_Host_MV
2020-01-17 02:42:22,326 dellemc_powermax_maskingview.py INFO : Creating masking view Ansible_Host_MV... 
2020-01-17 02:53:15,807 dellemc_powermax_srdf.py INFO : universion_details: {'is_valid_universion': True, 'user_message': ''}
2020-01-17 02:53:15,807 dellemc_powermax_srdf.py INFO : Got PyU4V instance for replication on PowerMax 
2020-01-17 02:53:15,846 dellemc_powermax_srdf.py INFO : No RDF group exists for the given storage group
2020-01-17 02:53:15,846 dellemc_powermax_srdf.py INFO : Creating srdf_link with parameters:sg_name=Ansible_Host_SG, remote_serial_no=000297700178, srdfmode=Synchronous, establish_flag=True, rdfgroup_no=None, new_rdf_group=False, async_flag=True
2020-01-17 02:53:15,986 dellemc_powermax_srdf.py INFO : Response from create SRDF link call {'jobId': '1579258286966', 'name': 'Protect Storage Group - SRDF Ansible_Host_SG', 'status': 'RUNNING', 'username': 'C:VMAX\\smc', 'last_modified_date': 'Jan-17-2020 10:51:26.967', 'last_modified_date_milliseconds': 1579258286967, 'completed_date_milliseconds': 0, 'task': [{'execution_order': 1, 'description': 'SRDF protect Storage Group Ansible_Host_SG to remote array 000297700178, mode = Synchronous, establish = true, remote Storage Group = Ansible_Host_SG'}], 'resourceLink': 'https://unisphere4powermax:8443/univmax/restapi/90/replication/symmetrix/000197600156/storagegroup/Ansible_Host_SG/rdf_group/UNKNOWN', 'result': 'Started job execution on Fri 17 Jan 2020 10:51:26 UTC'}
2020-01-17 02:53:15,986 dellemc_powermax_srdf.py INFO : changed True
2020-01-17 03:40:11,069 dellemc_powermax_srdf.py INFO : universion_details: {'is_valid_universion': True, 'user_message': ''}
2020-01-17 03:40:11,069 dellemc_powermax_srdf.py INFO : Got PyU4V instance for replication on PowerMax 
2020-01-17 03:40:17,686 dellemc_powermax_srdf.py INFO : Getting srdf details for storage group Ansible_Host_SG with rdfg number24
2020-01-17 03:40:17,919 dellemc_powermax_srdf.py INFO : SRDF link details fetched are: {'symmetrixId': '000197600156', 'storageGroupName': 'Ansible_Host_SG', 'rdfGroupNumber': 24, 'volumeRdfTypes': ['R1'], 'states': ['Synchronized'], 'modes': ['Synchronous'], 'largerRdfSides': ['Equal'], 'totalTracks': 24615, 'localR1InvalidTracksHop1': 0, 'localR2InvalidTracksHop1': 0, 'remoteR1InvalidTracksHop1': 0, 'remoteR2InvalidTracksHop1': 0}
2020-01-17 03:40:17,919 dellemc_powermax_srdf.py INFO : Modification of SRDF state not required
2020-01-17 03:40:17,919 dellemc_powermax_srdf.py INFO : changed False
2020-01-17 03:40:18,306 dellemc_powermax_srdf.py INFO : universion_details: {'is_valid_universion': True, 'user_message': ''}
2020-01-17 03:40:18,306 dellemc_powermax_srdf.py INFO : Got PyU4V instance for replication on PowerMax 
2020-01-17 03:40:18,361 dellemc_powermax_srdf.py INFO : Getting srdf details for storage group Ansible_Host_SG with rdfg number24
2020-01-17 03:40:18,594 dellemc_powermax_srdf.py INFO : SRDF link details fetched are: {'symmetrixId': '000197600156', 'storageGroupName': 'Ansible_Host_SG', 'rdfGroupNumber': 24, 'volumeRdfTypes': ['R1'], 'states': ['Synchronized'], 'modes': ['Synchronous'], 'largerRdfSides': ['Equal'], 'totalTracks': 24615, 'localR1InvalidTracksHop1': 0, 'localR2InvalidTracksHop1': 0, 'remoteR1InvalidTracksHop1': 0, 'remoteR2InvalidTracksHop1': 0}
2020-01-17 03:40:18,594 dellemc_powermax_srdf.py INFO : Modifying SRDF state from Synchronized to Failover
2020-01-17 03:40:18,594 dellemc_powermax_srdf.py INFO : The modify_body is {'storagegroup_id': 'Ansible_Host_SG', 'rdfg': 24, 'action': 'Failover', '_async': False}:
2020-01-17 03:40:39,000 dellemc_powermax_srdf.py INFO : changed True
2020-01-17 03:44:04,186 dellemc_powermax_srdf.py INFO : universion_details: {'is_valid_universion': True, 'user_message': ''}
2020-01-17 03:44:04,186 dellemc_powermax_srdf.py INFO : Got PyU4V instance for replication on PowerMax 
2020-01-17 03:44:06,449 dellemc_powermax_srdf.py INFO : Getting srdf details for storage group Ansible_Host_SG with rdfg number24
2020-01-17 03:44:07,342 dellemc_powermax_srdf.py INFO : SRDF link details fetched are: {'symmetrixId': '000197600156', 'storageGroupName': 'Ansible_Host_SG', 'rdfGroupNumber': 24, 'volumeRdfTypes': ['R1'], 'states': ['Synchronized'], 'modes': ['Synchronous'], 'largerRdfSides': ['Equal'], 'totalTracks': 24615, 'localR1InvalidTracksHop1': 0, 'localR2InvalidTracksHop1': 0, 'remoteR1InvalidTracksHop1': 0, 'remoteR2InvalidTracksHop1': 0}
2020-01-17 03:44:07,342 dellemc_powermax_srdf.py INFO : Modification of SRDF state not required
2020-01-17 03:44:07,342 dellemc_powermax_srdf.py INFO : changed False
2020-01-17 03:44:07,755 dellemc_powermax_srdf.py INFO : universion_details: {'is_valid_universion': True, 'user_message': ''}
2020-01-17 03:44:07,756 dellemc_powermax_srdf.py INFO : Got PyU4V instance for replication on PowerMax 
2020-01-17 03:44:07,814 dellemc_powermax_srdf.py INFO : Getting srdf details for storage group Ansible_Host_SG with rdfg number24
2020-01-17 03:44:08,551 dellemc_powermax_srdf.py INFO : SRDF link details fetched are: {'symmetrixId': '000197600156', 'storageGroupName': 'Ansible_Host_SG', 'rdfGroupNumber': 24, 'volumeRdfTypes': ['R1'], 'states': ['Synchronized'], 'modes': ['Synchronous'], 'largerRdfSides': ['Equal'], 'totalTracks': 24615, 'localR1InvalidTracksHop1': 0, 'localR2InvalidTracksHop1': 0, 'remoteR1InvalidTracksHop1': 0, 'remoteR2InvalidTracksHop1': 0}
2020-01-17 03:44:08,551 dellemc_powermax_srdf.py INFO : Modifying SRDF state from Synchronized to Failover
2020-01-17 03:44:08,551 dellemc_powermax_srdf.py INFO : The modify_body is {'storagegroup_id': 'Ansible_Host_SG', 'rdfg': 24, 'action': 'Failover', '_async': False}:
2020-01-17 03:44:23,138 dellemc_powermax_srdf.py INFO : changed True
2020-01-17 03:45:57,881 dellemc_powermax_srdf.py INFO : universion_details: {'is_valid_universion': True, 'user_message': ''}
2020-01-17 03:45:57,882 dellemc_powermax_srdf.py INFO : Got PyU4V instance for replication on PowerMax 
2020-01-17 03:45:58,066 dellemc_powermax_srdf.py INFO : Getting srdf details for storage group Ansible_Host_SG with rdfg number24
2020-01-17 03:45:58,293 dellemc_powermax_srdf.py INFO : SRDF link details fetched are: {'symmetrixId': '000197600156', 'storageGroupName': 'Ansible_Host_SG', 'rdfGroupNumber': 24, 'volumeRdfTypes': ['R1'], 'states': ['Failed Over'], 'modes': ['Synchronous'], 'largerRdfSides': ['Equal'], 'totalTracks': 24615, 'localR1InvalidTracksHop1': 0, 'localR2InvalidTracksHop1': 0, 'remoteR1InvalidTracksHop1': 0, 'remoteR2InvalidTracksHop1': 0}
2020-01-17 03:45:58,293 dellemc_powermax_srdf.py INFO : Modifying SRDF state from Failed Over to Establish
2020-01-17 03:45:58,293 dellemc_powermax_srdf.py INFO : The modify_body is {'storagegroup_id': 'Ansible_Host_SG', 'rdfg': 24, 'action': 'Establish', '_async': True}:
2020-01-17 03:45:58,317 dellemc_powermax_srdf.py INFO : changed True
2020-01-17 03:45:58,727 dellemc_powermax_srdf.py INFO : universion_details: {'is_valid_universion': True, 'user_message': ''}
2020-01-17 03:45:58,727 dellemc_powermax_srdf.py INFO : Got PyU4V instance for replication on PowerMax 
2020-01-17 03:45:58,774 dellemc_powermax_srdf.py INFO : Getting srdf details for storage group Ansible_Host_SG with rdfg number24
2020-01-17 03:45:58,998 dellemc_powermax_srdf.py INFO : SRDF link details fetched are: {'symmetrixId': '000197600156', 'storageGroupName': 'Ansible_Host_SG', 'rdfGroupNumber': 24, 'volumeRdfTypes': ['R1'], 'states': ['Failed Over'], 'modes': ['Synchronous'], 'largerRdfSides': ['Equal'], 'totalTracks': 24615, 'localR1InvalidTracksHop1': 0, 'localR2InvalidTracksHop1': 0, 'remoteR1InvalidTracksHop1': 0, 'remoteR2InvalidTracksHop1': 0}
2020-01-17 03:45:58,998 dellemc_powermax_srdf.py INFO : Modification of SRDF state not required
2020-01-17 03:45:58,998 dellemc_powermax_srdf.py INFO : changed False
2020-01-17 03:47:07,515 dellemc_powermax_srdf.py INFO : universion_details: {'is_valid_universion': True, 'user_message': ''}
2020-01-17 03:47:07,515 dellemc_powermax_srdf.py INFO : Got PyU4V instance for replication on PowerMax 
2020-01-17 03:47:07,556 dellemc_powermax_srdf.py INFO : Getting srdf details for storage group Ansible_Host_SG with rdfg number24
2020-01-17 03:47:07,782 dellemc_powermax_srdf.py INFO : SRDF link details fetched are: {'symmetrixId': '000197600156', 'storageGroupName': 'Ansible_Host_SG', 'rdfGroupNumber': 24, 'volumeRdfTypes': ['R1'], 'states': ['Failed Over'], 'modes': ['Synchronous'], 'largerRdfSides': ['Equal'], 'totalTracks': 24615, 'localR1InvalidTracksHop1': 0, 'localR2InvalidTracksHop1': 0, 'remoteR1InvalidTracksHop1': 0, 'remoteR2InvalidTracksHop1': 0}
2020-01-17 03:47:07,782 dellemc_powermax_srdf.py INFO : Modifying SRDF state from Failed Over to Establish
2020-01-17 03:47:07,782 dellemc_powermax_srdf.py INFO : The modify_body is {'storagegroup_id': 'Ansible_Host_SG', 'rdfg': 24, 'action': 'Establish', '_async': True}:
2020-01-17 03:47:07,805 dellemc_powermax_srdf.py INFO : changed True
2020-01-17 03:50:32,743 dellemc_powermax_srdf.py INFO : universion_details: {'is_valid_universion': True, 'user_message': ''}
2020-01-17 03:50:32,744 dellemc_powermax_srdf.py INFO : Got PyU4V instance for replication on PowerMax 
2020-01-17 03:50:33,437 dellemc_powermax_srdf.py INFO : Getting srdf details for storage group Ansible_Host_SG with rdfg number24
2020-01-17 03:50:33,662 dellemc_powermax_srdf.py INFO : SRDF link details fetched are: {'symmetrixId': '000197600156', 'storageGroupName': 'Ansible_Host_SG', 'rdfGroupNumber': 24, 'volumeRdfTypes': ['R1'], 'states': ['Failed Over'], 'modes': ['Synchronous'], 'largerRdfSides': ['Equal'], 'totalTracks': 24615, 'localR1InvalidTracksHop1': 0, 'localR2InvalidTracksHop1': 0, 'remoteR1InvalidTracksHop1': 0, 'remoteR2InvalidTracksHop1': 0}
2020-01-17 03:50:33,662 dellemc_powermax_srdf.py INFO : Modifying SRDF state from Failed Over to Establish
2020-01-17 03:50:33,662 dellemc_powermax_srdf.py INFO : The modify_body is {'storagegroup_id': 'Ansible_Host_SG', 'rdfg': 24, 'action': 'Establish', '_async': True}:
2020-01-17 03:50:33,733 dellemc_powermax_srdf.py INFO : changed True
2020-01-17 03:52:16,783 dellemc_powermax_srdf.py INFO : universion_details: {'is_valid_universion': True, 'user_message': ''}
2020-01-17 03:52:16,784 dellemc_powermax_srdf.py INFO : Got PyU4V instance for replication on PowerMax 
2020-01-17 03:52:16,844 dellemc_powermax_srdf.py INFO : Getting srdf details for storage group Ansible_Host_SG with rdfg number24
2020-01-17 03:52:17,071 dellemc_powermax_srdf.py INFO : SRDF link details fetched are: {'symmetrixId': '000197600156', 'storageGroupName': 'Ansible_Host_SG', 'rdfGroupNumber': 24, 'volumeRdfTypes': ['R1'], 'states': ['Failed Over'], 'modes': ['Synchronous'], 'largerRdfSides': ['Equal'], 'totalTracks': 24615, 'localR1InvalidTracksHop1': 0, 'localR2InvalidTracksHop1': 0, 'remoteR1InvalidTracksHop1': 0, 'remoteR2InvalidTracksHop1': 0}
2020-01-17 03:52:17,071 dellemc_powermax_srdf.py INFO : Modifying SRDF state from Failed Over to Establish
2020-01-17 03:52:17,071 dellemc_powermax_srdf.py INFO : The modify_body is {'storagegroup_id': 'Ansible_Host_SG', 'rdfg': 24, 'action': 'Establish', '_async': True}:
2020-01-17 03:52:17,135 dellemc_powermax_srdf.py INFO : changed True
2020-01-17 03:53:46,383 dellemc_powermax_srdf.py INFO : universion_details: {'is_valid_universion': True, 'user_message': ''}
2020-01-17 03:53:46,383 dellemc_powermax_srdf.py INFO : Got PyU4V instance for replication on PowerMax 
2020-01-17 03:53:46,422 dellemc_powermax_srdf.py INFO : Getting srdf details for storage group Ansible_Host_SG with rdfg number24
2020-01-17 03:53:46,646 dellemc_powermax_srdf.py INFO : SRDF link details fetched are: {'symmetrixId': '000197600156', 'storageGroupName': 'Ansible_Host_SG', 'rdfGroupNumber': 24, 'volumeRdfTypes': ['R1'], 'states': ['Failed Over'], 'modes': ['Synchronous'], 'largerRdfSides': ['Equal'], 'totalTracks': 24615, 'localR1InvalidTracksHop1': 0, 'localR2InvalidTracksHop1': 0, 'remoteR1InvalidTracksHop1': 0, 'remoteR2InvalidTracksHop1': 0}
2020-01-17 03:53:46,646 dellemc_powermax_srdf.py INFO : Modifying SRDF state from Failed Over to Establish
2020-01-17 03:53:46,646 dellemc_powermax_srdf.py INFO : The modify_body is {'storagegroup_id': 'Ansible_Host_SG', 'rdfg': 24, 'action': 'Establish', '_async': True}:
2020-01-17 03:53:46,681 dellemc_powermax_srdf.py INFO : changed True
2020-01-17 03:55:11,506 dellemc_powermax_srdf.py INFO : universion_details: {'is_valid_universion': True, 'user_message': ''}
2020-01-17 03:55:11,506 dellemc_powermax_srdf.py INFO : Got PyU4V instance for replication on PowerMax 
2020-01-17 03:55:12,059 dellemc_powermax_srdf.py INFO : Getting srdf details for storage group Ansible_Host_SG with rdfg number24
2020-01-17 03:55:12,286 dellemc_powermax_srdf.py INFO : SRDF link details fetched are: {'symmetrixId': '000197600156', 'storageGroupName': 'Ansible_Host_SG', 'rdfGroupNumber': 24, 'volumeRdfTypes': ['R1'], 'states': ['Failed Over'], 'modes': ['Synchronous'], 'largerRdfSides': ['Equal'], 'totalTracks': 24615, 'localR1InvalidTracksHop1': 0, 'localR2InvalidTracksHop1': 0, 'remoteR1InvalidTracksHop1': 0, 'remoteR2InvalidTracksHop1': 0}
2020-01-17 03:55:12,286 dellemc_powermax_srdf.py INFO : Modifying SRDF state from Failed Over to Establish
2020-01-17 03:55:12,286 dellemc_powermax_srdf.py INFO : The modify_body is {'storagegroup_id': 'Ansible_Host_SG', 'rdfg': 24, 'action': 'Establish', '_async': True}:
2020-01-17 03:55:12,308 dellemc_powermax_srdf.py INFO : changed True
2020-01-17 03:55:46,277 dellemc_powermax_srdf.py INFO : universion_details: {'is_valid_universion': True, 'user_message': ''}
2020-01-17 03:55:46,277 dellemc_powermax_srdf.py INFO : Got PyU4V instance for replication on PowerMax 
2020-01-17 03:55:46,316 dellemc_powermax_srdf.py INFO : Getting srdf details for storage group Ansible_Host_SG with rdfg number24
2020-01-17 03:55:46,539 dellemc_powermax_srdf.py INFO : SRDF link details fetched are: {'symmetrixId': '000197600156', 'storageGroupName': 'Ansible_Host_SG', 'rdfGroupNumber': 24, 'volumeRdfTypes': ['R1'], 'states': ['Failed Over'], 'modes': ['Synchronous'], 'largerRdfSides': ['Equal'], 'totalTracks': 24615, 'localR1InvalidTracksHop1': 0, 'localR2InvalidTracksHop1': 0, 'remoteR1InvalidTracksHop1': 0, 'remoteR2InvalidTracksHop1': 0}
2020-01-17 03:55:46,539 dellemc_powermax_srdf.py INFO : Modifying SRDF state from Failed Over to Establish
2020-01-17 03:55:46,539 dellemc_powermax_srdf.py INFO : The modify_body is {'storagegroup_id': 'Ansible_Host_SG', 'rdfg': 24, 'action': 'Establish', '_async': True}:
2020-01-17 03:55:46,642 dellemc_powermax_srdf.py INFO : changed True
2020-01-17 03:55:47,053 dellemc_powermax_srdf.py INFO : universion_details: {'is_valid_universion': True, 'user_message': ''}
2020-01-17 03:55:47,053 dellemc_powermax_srdf.py INFO : Got PyU4V instance for replication on PowerMax 
2020-01-17 03:55:47,099 dellemc_powermax_srdf.py INFO : Getting srdf details for storage group Ansible_Host_SG with rdfg number24
2020-01-17 03:55:47,324 dellemc_powermax_srdf.py INFO : SRDF link details fetched are: {'symmetrixId': '000197600156', 'storageGroupName': 'Ansible_Host_SG', 'rdfGroupNumber': 24, 'volumeRdfTypes': ['R1'], 'states': ['Failed Over'], 'modes': ['Synchronous'], 'largerRdfSides': ['Equal'], 'totalTracks': 24615, 'localR1InvalidTracksHop1': 0, 'localR2InvalidTracksHop1': 0, 'remoteR1InvalidTracksHop1': 0, 'remoteR2InvalidTracksHop1': 0}
2020-01-17 03:55:47,324 dellemc_powermax_srdf.py INFO : Modification of SRDF state not required
2020-01-17 03:55:47,324 dellemc_powermax_srdf.py INFO : changed False
2020-01-17 03:58:50,256 dellemc_powermax_srdf.py INFO : universion_details: {'is_valid_universion': True, 'user_message': ''}
2020-01-17 03:58:50,256 dellemc_powermax_srdf.py INFO : Got PyU4V instance for replication on PowerMax 
2020-01-17 03:58:50,297 dellemc_powermax_srdf.py INFO : Getting srdf details for storage group Ansible_Host_SG with rdfg number24
2020-01-17 03:58:50,539 dellemc_powermax_srdf.py INFO : SRDF link details fetched are: {'symmetrixId': '000197600156', 'storageGroupName': 'Ansible_Host_SG', 'rdfGroupNumber': 24, 'volumeRdfTypes': ['R1'], 'states': ['Failed Over'], 'modes': ['Synchronous'], 'largerRdfSides': ['Equal'], 'totalTracks': 24615, 'localR1InvalidTracksHop1': 0, 'localR2InvalidTracksHop1': 0, 'remoteR1InvalidTracksHop1': 0, 'remoteR2InvalidTracksHop1': 0}
2020-01-17 03:58:50,539 dellemc_powermax_srdf.py INFO : Modifying SRDF state from Failed Over to Establish
2020-01-17 03:58:50,539 dellemc_powermax_srdf.py INFO : The modify_body is {'storagegroup_id': 'Ansible_Host_SG', 'rdfg': 24, 'action': 'Establish', '_async': True}:
2020-01-17 03:58:50,560 dellemc_powermax_srdf.py INFO : changed True
2020-01-17 03:58:50,971 dellemc_powermax_srdf.py INFO : universion_details: {'is_valid_universion': True, 'user_message': ''}
2020-01-17 03:58:50,971 dellemc_powermax_srdf.py INFO : Got PyU4V instance for replication on PowerMax 
2020-01-17 03:58:51,032 dellemc_powermax_srdf.py INFO : Getting srdf details for storage group Ansible_Host_SG with rdfg number24
2020-01-17 03:58:51,247 dellemc_powermax_srdf.py INFO : SRDF link details fetched are: {'symmetrixId': '000197600156', 'storageGroupName': 'Ansible_Host_SG', 'rdfGroupNumber': 24, 'volumeRdfTypes': ['R1'], 'states': ['Failed Over'], 'modes': ['Synchronous'], 'largerRdfSides': ['Equal'], 'totalTracks': 24615, 'localR1InvalidTracksHop1': 0, 'localR2InvalidTracksHop1': 0, 'remoteR1InvalidTracksHop1': 0, 'remoteR2InvalidTracksHop1': 0}
2020-01-17 03:58:51,247 dellemc_powermax_srdf.py INFO : Modification of SRDF state not required
2020-01-17 03:58:51,247 dellemc_powermax_srdf.py INFO : changed False
2020-01-17 03:59:52,658 dellemc_powermax_srdf.py INFO : universion_details: {'is_valid_universion': True, 'user_message': ''}
2020-01-17 03:59:52,659 dellemc_powermax_srdf.py INFO : Got PyU4V instance for replication on PowerMax 
2020-01-17 03:59:53,238 dellemc_powermax_srdf.py INFO : Getting srdf details for storage group Ansible_Host_SG with rdfg number24
2020-01-17 03:59:53,469 dellemc_powermax_srdf.py INFO : SRDF link details fetched are: {'symmetrixId': '000197600156', 'storageGroupName': 'Ansible_Host_SG', 'rdfGroupNumber': 24, 'volumeRdfTypes': ['R1'], 'states': ['Failed Over'], 'modes': ['Synchronous'], 'largerRdfSides': ['Equal'], 'totalTracks': 24615, 'localR1InvalidTracksHop1': 0, 'localR2InvalidTracksHop1': 0, 'remoteR1InvalidTracksHop1': 0, 'remoteR2InvalidTracksHop1': 0}
2020-01-17 03:59:53,469 dellemc_powermax_srdf.py INFO : Modifying SRDF state from Failed Over to Establish
2020-01-17 03:59:53,469 dellemc_powermax_srdf.py INFO : The modify_body is {'storagegroup_id': 'Ansible_Host_SG', 'rdfg': 24, 'action': 'Establish', '_async': True}:
2020-01-17 03:59:53,538 dellemc_powermax_srdf.py INFO : changed True
2020-01-17 03:59:53,945 dellemc_powermax_srdf.py INFO : universion_details: {'is_valid_universion': True, 'user_message': ''}
2020-01-17 03:59:53,946 dellemc_powermax_srdf.py INFO : Got PyU4V instance for replication on PowerMax 
2020-01-17 03:59:53,986 dellemc_powermax_srdf.py INFO : Getting srdf details for storage group Ansible_Host_SG with rdfg number24
2020-01-17 03:59:54,216 dellemc_powermax_srdf.py INFO : SRDF link details fetched are: {'symmetrixId': '000197600156', 'storageGroupName': 'Ansible_Host_SG', 'rdfGroupNumber': 24, 'volumeRdfTypes': ['R1'], 'states': ['Failed Over'], 'modes': ['Synchronous'], 'largerRdfSides': ['Equal'], 'totalTracks': 24615, 'localR1InvalidTracksHop1': 0, 'localR2InvalidTracksHop1': 0, 'remoteR1InvalidTracksHop1': 0, 'remoteR2InvalidTracksHop1': 0}
2020-01-17 03:59:54,216 dellemc_powermax_srdf.py INFO : Modification of SRDF state not required
2020-01-17 03:59:54,216 dellemc_powermax_srdf.py INFO : changed False
2020-01-17 04:00:35,509 dellemc_powermax_srdf.py INFO : universion_details: {'is_valid_universion': True, 'user_message': ''}
2020-01-17 04:00:35,509 dellemc_powermax_srdf.py INFO : Got PyU4V instance for replication on PowerMax 
2020-01-17 04:00:35,819 dellemc_powermax_srdf.py INFO : Getting srdf details for storage group Ansible_Host_SG with rdfg number24
2020-01-17 04:00:36,039 dellemc_powermax_srdf.py INFO : SRDF link details fetched are: {'symmetrixId': '000197600156', 'storageGroupName': 'Ansible_Host_SG', 'rdfGroupNumber': 24, 'volumeRdfTypes': ['R1'], 'states': ['Failed Over'], 'modes': ['Synchronous'], 'largerRdfSides': ['Equal'], 'totalTracks': 24615, 'localR1InvalidTracksHop1': 0, 'localR2InvalidTracksHop1': 0, 'remoteR1InvalidTracksHop1': 0, 'remoteR2InvalidTracksHop1': 0}
2020-01-17 04:00:36,039 dellemc_powermax_srdf.py INFO : Modifying SRDF state from Failed Over to Establish
2020-01-17 04:00:36,039 dellemc_powermax_srdf.py INFO : The modify_body is {'storagegroup_id': 'Ansible_Host_SG', 'rdfg': 24, 'action': 'Establish', '_async': True}:
2020-01-17 04:00:36,110 dellemc_powermax_srdf.py INFO : changed True
2020-01-17 04:00:36,523 dellemc_powermax_srdf.py INFO : universion_details: {'is_valid_universion': True, 'user_message': ''}
2020-01-17 04:00:36,523 dellemc_powermax_srdf.py INFO : Got PyU4V instance for replication on PowerMax 
2020-01-17 04:00:36,560 dellemc_powermax_srdf.py INFO : Getting srdf details for storage group Ansible_Host_SG with rdfg number24
2020-01-17 04:00:36,785 dellemc_powermax_srdf.py INFO : SRDF link details fetched are: {'symmetrixId': '000197600156', 'storageGroupName': 'Ansible_Host_SG', 'rdfGroupNumber': 24, 'volumeRdfTypes': ['R1'], 'states': ['Failed Over'], 'modes': ['Synchronous'], 'largerRdfSides': ['Equal'], 'totalTracks': 24615, 'localR1InvalidTracksHop1': 0, 'localR2InvalidTracksHop1': 0, 'remoteR1InvalidTracksHop1': 0, 'remoteR2InvalidTracksHop1': 0}
2020-01-17 04:00:36,785 dellemc_powermax_srdf.py INFO : Modification of SRDF state not required
2020-01-17 04:00:36,785 dellemc_powermax_srdf.py INFO : changed False
2020-01-17 04:01:35,781 dellemc_powermax_srdf.py INFO : universion_details: {'is_valid_universion': True, 'user_message': ''}
2020-01-17 04:01:35,782 dellemc_powermax_srdf.py INFO : Got PyU4V instance for replication on PowerMax 
2020-01-17 04:01:35,819 dellemc_powermax_srdf.py INFO : Getting srdf details for storage group Ansible_Host_SG with rdfg number24
2020-01-17 04:01:36,042 dellemc_powermax_srdf.py INFO : SRDF link details fetched are: {'symmetrixId': '000197600156', 'storageGroupName': 'Ansible_Host_SG', 'rdfGroupNumber': 24, 'volumeRdfTypes': ['R1'], 'states': ['Failed Over'], 'modes': ['Synchronous'], 'largerRdfSides': ['Equal'], 'totalTracks': 24615, 'localR1InvalidTracksHop1': 0, 'localR2InvalidTracksHop1': 0, 'remoteR1InvalidTracksHop1': 0, 'remoteR2InvalidTracksHop1': 0}
2020-01-17 04:01:36,042 dellemc_powermax_srdf.py INFO : Modifying SRDF state from Failed Over to Establish
2020-01-17 04:01:36,042 dellemc_powermax_srdf.py INFO : The modify_body is {'storagegroup_id': 'Ansible_Host_SG', 'rdfg': 24, 'action': 'Establish', '_async': True}:
2020-01-17 04:01:36,065 dellemc_powermax_srdf.py INFO : changed True
2020-01-17 04:01:44,713 dellemc_powermax_srdf.py INFO : universion_details: {'is_valid_universion': True, 'user_message': ''}
2020-01-17 04:01:44,714 dellemc_powermax_srdf.py INFO : Got PyU4V instance for replication on PowerMax 
2020-01-17 04:01:44,772 dellemc_powermax_srdf.py INFO : Getting srdf details for storage group Ansible_Host_SG with rdfg number24
2020-01-17 04:01:44,995 dellemc_powermax_srdf.py INFO : SRDF link details fetched are: {'symmetrixId': '000197600156', 'storageGroupName': 'Ansible_Host_SG', 'rdfGroupNumber': 24, 'volumeRdfTypes': ['R1'], 'states': ['Failed Over'], 'modes': ['Synchronous'], 'largerRdfSides': ['Equal'], 'totalTracks': 24615, 'localR1InvalidTracksHop1': 0, 'localR2InvalidTracksHop1': 0, 'remoteR1InvalidTracksHop1': 0, 'remoteR2InvalidTracksHop1': 0}
2020-01-17 04:01:44,995 dellemc_powermax_srdf.py INFO : Modifying SRDF state from Failed Over to Establish
2020-01-17 04:01:44,995 dellemc_powermax_srdf.py INFO : The modify_body is {'storagegroup_id': 'Ansible_Host_SG', 'rdfg': 24, 'action': 'Establish', '_async': True}:
2020-01-17 04:01:45,018 dellemc_powermax_srdf.py INFO : changed True
2020-01-17 04:02:32,088 dellemc_powermax_srdf.py INFO : universion_details: {'is_valid_universion': True, 'user_message': ''}
2020-01-17 04:02:32,088 dellemc_powermax_srdf.py INFO : Got PyU4V instance for replication on PowerMax 
2020-01-17 04:02:32,195 dellemc_powermax_srdf.py INFO : Getting srdf details for storage group Ansible_Host_SG with rdfg number24
2020-01-17 04:02:32,426 dellemc_powermax_srdf.py INFO : SRDF link details fetched are: {'symmetrixId': '000197600156', 'storageGroupName': 'Ansible_Host_SG', 'rdfGroupNumber': 24, 'volumeRdfTypes': ['R1'], 'states': ['Synchronized'], 'modes': ['Synchronous'], 'largerRdfSides': ['Equal'], 'totalTracks': 24615, 'localR1InvalidTracksHop1': 0, 'localR2InvalidTracksHop1': 0, 'remoteR1InvalidTracksHop1': 0, 'remoteR2InvalidTracksHop1': 0}
2020-01-17 04:02:32,426 dellemc_powermax_srdf.py INFO : Modification of SRDF state not required
2020-01-17 04:02:32,426 dellemc_powermax_srdf.py INFO : changed False
2020-01-17 04:02:49,840 dellemc_powermax_srdf.py INFO : universion_details: {'is_valid_universion': True, 'user_message': ''}
2020-01-17 04:02:49,840 dellemc_powermax_srdf.py INFO : Got PyU4V instance for replication on PowerMax 
2020-01-17 04:02:49,879 dellemc_powermax_srdf.py INFO : Getting srdf details for storage group Ansible_Host_SG with rdfg number24
2020-01-17 04:02:50,132 dellemc_powermax_srdf.py INFO : SRDF link details fetched are: {'symmetrixId': '000197600156', 'storageGroupName': 'Ansible_Host_SG', 'rdfGroupNumber': 24, 'volumeRdfTypes': ['R1'], 'states': ['Synchronized'], 'modes': ['Synchronous'], 'largerRdfSides': ['Equal'], 'totalTracks': 24615, 'localR1InvalidTracksHop1': 0, 'localR2InvalidTracksHop1': 0, 'remoteR1InvalidTracksHop1': 0, 'remoteR2InvalidTracksHop1': 0}
2020-01-17 04:02:50,132 dellemc_powermax_srdf.py INFO : Modification of SRDF state not required
2020-01-17 04:02:50,132 dellemc_powermax_srdf.py INFO : changed False
2020-01-17 04:53:47,780 dellemc_powermax_srdf.py INFO : universion_details: {'is_valid_universion': True, 'user_message': ''}
2020-01-17 04:53:47,780 dellemc_powermax_srdf.py INFO : Got PyU4V instance for replication on PowerMax 
2020-01-17 04:53:48,504 dellemc_powermax_srdf.py INFO : Getting srdf details for storage group Ansible_Host_SG with rdfg number24
2020-01-17 04:53:48,746 dellemc_powermax_srdf.py INFO : SRDF link details fetched are: {'symmetrixId': '000197600156', 'storageGroupName': 'Ansible_Host_SG', 'rdfGroupNumber': 24, 'volumeRdfTypes': ['R1'], 'states': ['Synchronized'], 'modes': ['Synchronous'], 'largerRdfSides': ['Equal'], 'totalTracks': 24615, 'localR1InvalidTracksHop1': 0, 'localR2InvalidTracksHop1': 0, 'remoteR1InvalidTracksHop1': 0, 'remoteR2InvalidTracksHop1': 0}
2020-01-17 04:53:48,746 dellemc_powermax_srdf.py INFO : Modifying SRDF state from Synchronized to Suspend
2020-01-17 04:53:48,746 dellemc_powermax_srdf.py INFO : The modify_body is {'storagegroup_id': 'Ansible_Host_SG', 'rdfg': 24, 'action': 'Suspend', '_async': True}:
2020-01-17 04:53:48,864 dellemc_powermax_srdf.py INFO : changed True
2020-01-17 04:53:49,273 dellemc_powermax_srdf.py INFO : universion_details: {'is_valid_universion': True, 'user_message': ''}
2020-01-17 04:53:49,274 dellemc_powermax_srdf.py INFO : Got PyU4V instance for replication on PowerMax 
2020-01-17 04:53:49,343 dellemc_powermax_srdf.py INFO : Getting srdf details for storage group Ansible_Host_SG with rdfg number24
2020-01-17 04:53:49,556 dellemc_powermax_srdf.py INFO : SRDF link details fetched are: {'symmetrixId': '000197600156', 'storageGroupName': 'Ansible_Host_SG', 'rdfGroupNumber': 24, 'volumeRdfTypes': ['R1'], 'states': ['Suspended'], 'modes': ['Synchronous'], 'largerRdfSides': ['Equal'], 'totalTracks': 24615, 'localR1InvalidTracksHop1': 0, 'localR2InvalidTracksHop1': 0, 'remoteR1InvalidTracksHop1': 0, 'remoteR2InvalidTracksHop1': 0}
2020-01-17 04:53:49,556 dellemc_powermax_srdf.py INFO : Deleting srdf_link with SG Ansible_Host_SG 
2020-01-17 04:54:07,756 dellemc_powermax_srdf.py INFO : changed True
2020-01-17 04:54:08,319 dellemc_powermax_storagegroup.py INFO : universion_details: {'is_valid_universion': True, 'user_message': ''}
2020-01-17 04:54:08,319 dellemc_powermax_storagegroup.py INFO : Got PyU4V instance for provisioning on PowerMax 
2020-01-17 04:54:08,319 dellemc_powermax_storagegroup.py INFO : Getting storage group Ansible_Host_SG details
2020-01-17 04:54:08,430 dellemc_powermax_storagegroup.py INFO : The storage group True needs to be modified and the modified param are {'modified_slo': 'Diamond'} 
2020-01-17 04:54:08,430 dellemc_powermax_storagegroup.py INFO : Get volumes for storage group Ansible_Host_SG
2020-01-17 04:54:08,430 dellemc_powermax_storagegroup.py INFO : Getting the list of volumes from storage group Ansible_Host_SG
2020-01-17 04:54:08,447 dellemc_powermax_storagegroup.py INFO : 3 volumes present in storage group Ansible_Host_SG
2020-01-17 04:54:08,447 dellemc_powermax_storagegroup.py INFO : Modifying Storage group Ansible_Host_SG
2020-01-17 04:54:08,447 dellemc_powermax_storagegroup.py INFO : Getting storage group Ansible_Host_SG details
2020-01-17 04:54:08,462 dellemc_powermax_storagegroup.py INFO : Modifying the SG SLO to Diamond 
2020-01-17 04:54:08,462 dellemc_powermax_storagegroup.py INFO : The existing SG SLO is Bronze and the desired SG SLO is Diamond 
2020-01-17 04:54:12,019 dellemc_powermax_storagegroup.py INFO : Getting the list of volumes from storage group Ansible_Host_SG
2020-01-17 04:54:12,053 dellemc_powermax_storagegroup.py INFO : 3 volumes present in storage group Ansible_Host_SG
2020-01-17 04:54:12,053 dellemc_powermax_storagegroup.py INFO : Found storage group {'storageGroupId': 'Ansible_Host_SG', 'slo': 'Bronze', 'base_slo_name': 'Bronze', 'service_level': 'Bronze', 'srp': 'SRP_1', 'slo_compliance': 'NONE', 'num_of_vols': 3, 'num_of_child_sgs': 0, 'num_of_parent_sgs': 0, 'num_of_masking_views': 0, 'num_of_snapshots': 0, 'cap_gb': 3.01, 'device_emulation': 'FBA', 'type': 'Standalone', 'unprotected': True, 'compression': True, 'VPSaved': '100.0%', 'vp_saved_percent': 100.0}
2020-01-17 04:54:12,053 dellemc_powermax_storagegroup.py INFO : Getting storage group Ansible_Host_SG details
2020-01-17 04:55:32,344 dellemc_powermax_srdf.py INFO : universion_details: {'is_valid_universion': True, 'user_message': ''}
2020-01-17 04:55:32,346 dellemc_powermax_srdf.py INFO : Got PyU4V instance for replication on PowerMax 
2020-01-17 04:55:32,378 dellemc_powermax_srdf.py INFO : No RDF group exists for the given storage group
2020-01-17 04:55:32,378 dellemc_powermax_srdf.py INFO : Creating srdf_link with parameters:sg_name=Ansible_Host_SG, remote_serial_no=000297700178, srdfmode=Synchronous, establish_flag=False, rdfgroup_no=None, new_rdf_group=False, async_flag=True
2020-01-17 04:55:32,517 dellemc_powermax_srdf.py INFO : Response from create SRDF link call {'jobId': '1579265623575', 'name': 'Protect Storage Group - SRDF Ansible_Host_SG', 'status': 'RUNNING', 'username': 'C:VMAX\\smc', 'last_modified_date': 'Jan-17-2020 12:53:43.576', 'last_modified_date_milliseconds': 1579265623576, 'completed_date_milliseconds': 0, 'task': [{'execution_order': 1, 'description': 'SRDF protect Storage Group Ansible_Host_SG to remote array 000297700178, mode = Synchronous, establish = false, remote Storage Group = Ansible_Host_SG'}], 'resourceLink': 'https://unisphere4powermax:8443/univmax/restapi/90/replication/symmetrix/000197600156/storagegroup/Ansible_Host_SG/rdf_group/UNKNOWN', 'result': 'Started job execution on Fri 17 Jan 2020 12:53:43 UTC'}
2020-01-17 04:55:32,517 dellemc_powermax_srdf.py INFO : changed True
2020-01-17 04:55:32,930 dellemc_powermax_srdf.py INFO : universion_details: {'is_valid_universion': True, 'user_message': ''}
2020-01-17 04:55:32,930 dellemc_powermax_srdf.py INFO : Got PyU4V instance for replication on PowerMax 
2020-01-17 04:55:32,958 dellemc_powermax_srdf.py INFO : No RDF group exists for the given storage group
2020-01-17 04:55:32,958 dellemc_powermax_srdf.py INFO : changed False
2020-01-17 04:55:33,492 dellemc_powermax_storagegroup.py INFO : universion_details: {'is_valid_universion': True, 'user_message': ''}
2020-01-17 04:55:33,492 dellemc_powermax_storagegroup.py INFO : Got PyU4V instance for provisioning on PowerMax 
2020-01-17 04:55:33,493 dellemc_powermax_storagegroup.py INFO : Getting storage group Ansible_Host_SG details
2020-01-17 04:55:33,613 dellemc_powermax_storagegroup.py INFO : The storage group False needs to be modified and the modified param are {} 
2020-01-17 04:55:33,613 dellemc_powermax_storagegroup.py INFO : Get volumes for storage group Ansible_Host_SG
2020-01-17 04:55:33,613 dellemc_powermax_storagegroup.py INFO : Getting the list of volumes from storage group Ansible_Host_SG
2020-01-17 04:55:33,626 dellemc_powermax_storagegroup.py INFO : 3 volumes present in storage group Ansible_Host_SG
2020-01-17 04:55:33,626 dellemc_powermax_storagegroup.py INFO : Found storage group {'storageGroupId': 'Ansible_Host_SG', 'slo': 'Diamond', 'base_slo_name': 'Diamond', 'service_level': 'Diamond', 'srp': 'SRP_1', 'slo_compliance': 'NONE', 'num_of_vols': 3, 'num_of_child_sgs': 0, 'num_of_parent_sgs': 0, 'num_of_masking_views': 0, 'num_of_snapshots': 0, 'cap_gb': 3.01, 'device_emulation': 'FBA', 'type': 'Standalone', 'unprotected': True, 'compression': True, 'VPSaved': '100.0%', 'vp_saved_percent': 100.0}
2020-01-17 04:55:33,626 dellemc_powermax_storagegroup.py INFO : Getting storage group Ansible_Host_SG details
2020-01-17 04:55:34,047 dellemc_powermax_storagegroup.py INFO : universion_details: {'is_valid_universion': True, 'user_message': ''}
2020-01-17 04:55:34,047 dellemc_powermax_storagegroup.py INFO : Got PyU4V instance for provisioning on PowerMax 
2020-01-17 04:55:34,047 dellemc_powermax_storagegroup.py INFO : Getting storage group Ansible_Host_SG details
2020-01-17 04:55:34,095 dellemc_powermax_storagegroup.py INFO : The storage group True needs to be modified and the modified param are {'modified_slo': 'Diamond'} 
2020-01-17 04:55:34,095 dellemc_powermax_storagegroup.py INFO : Delete storage group Ansible_Host_SG 
2020-01-17 04:55:34,175 dellemc_powermax_storagegroup.py ERROR : Delete storage group Ansible_Host_SG failed with error Bad or unexpected response from the storage volume backend API: Error Delete storagegroup resource. The status code received is 500 and the message is {'message': 'A problem occurred deleting the storage group resources: java.lang.ArrayStoreException'}. 
2020-01-17 04:55:47,106 dellemc_powermax_srdf.py INFO : universion_details: {'is_valid_universion': True, 'user_message': ''}
2020-01-17 04:55:47,107 dellemc_powermax_srdf.py INFO : Got PyU4V instance for replication on PowerMax 
2020-01-17 04:55:47,138 dellemc_powermax_srdf.py INFO : No RDF group exists for the given storage group
2020-01-17 04:55:47,139 dellemc_powermax_srdf.py INFO : Creating srdf_link with parameters:sg_name=Ansible_Host_SG, remote_serial_no=000297700178, srdfmode=Synchronous, establish_flag=False, rdfgroup_no=None, new_rdf_group=False, async_flag=True
2020-01-17 04:55:47,264 dellemc_powermax_srdf.py INFO : Response from create SRDF link call {'jobId': '1579265638315', 'name': 'Protect Storage Group - SRDF Ansible_Host_SG', 'status': 'RUNNING', 'username': 'C:VMAX\\smc', 'last_modified_date': 'Jan-17-2020 12:53:58.316', 'last_modified_date_milliseconds': 1579265638316, 'completed_date_milliseconds': 0, 'task': [{'execution_order': 1, 'description': 'SRDF protect Storage Group Ansible_Host_SG to remote array 000297700178, mode = Synchronous, establish = false, remote Storage Group = Ansible_Host_SG'}], 'resourceLink': 'https://unisphere4powermax:8443/univmax/restapi/90/replication/symmetrix/000197600156/storagegroup/Ansible_Host_SG/rdf_group/UNKNOWN', 'result': 'Started job execution on Fri 17 Jan 2020 12:53:58 UTC'}
2020-01-17 04:55:47,264 dellemc_powermax_srdf.py INFO : changed True
2020-01-17 04:55:47,673 dellemc_powermax_srdf.py INFO : universion_details: {'is_valid_universion': True, 'user_message': ''}
2020-01-17 04:55:47,674 dellemc_powermax_srdf.py INFO : Got PyU4V instance for replication on PowerMax 
2020-01-17 04:55:47,703 dellemc_powermax_srdf.py INFO : No RDF group exists for the given storage group
2020-01-17 04:55:47,703 dellemc_powermax_srdf.py INFO : changed False
2020-01-17 04:55:48,237 dellemc_powermax_storagegroup.py INFO : universion_details: {'is_valid_universion': True, 'user_message': ''}
2020-01-17 04:55:48,238 dellemc_powermax_storagegroup.py INFO : Got PyU4V instance for provisioning on PowerMax 
2020-01-17 04:55:48,238 dellemc_powermax_storagegroup.py INFO : Getting storage group Ansible_Host_SG details
2020-01-17 04:55:48,288 dellemc_powermax_storagegroup.py INFO : The storage group False needs to be modified and the modified param are {} 
2020-01-17 04:55:48,288 dellemc_powermax_storagegroup.py INFO : Get volumes for storage group Ansible_Host_SG
2020-01-17 04:55:48,288 dellemc_powermax_storagegroup.py INFO : Getting the list of volumes from storage group Ansible_Host_SG
2020-01-17 04:55:48,295 dellemc_powermax_storagegroup.py INFO : 3 volumes present in storage group Ansible_Host_SG
2020-01-17 04:55:48,295 dellemc_powermax_storagegroup.py INFO : Found storage group {'storageGroupId': 'Ansible_Host_SG', 'slo': 'Diamond', 'base_slo_name': 'Diamond', 'service_level': 'Diamond', 'srp': 'SRP_1', 'slo_compliance': 'NONE', 'num_of_vols': 3, 'num_of_child_sgs': 0, 'num_of_parent_sgs': 0, 'num_of_masking_views': 0, 'num_of_snapshots': 0, 'cap_gb': 3.01, 'device_emulation': 'FBA', 'type': 'Standalone', 'unprotected': True, 'compression': True, 'VPSaved': '100.0%', 'vp_saved_percent': 100.0}
2020-01-17 04:55:48,295 dellemc_powermax_storagegroup.py INFO : Getting storage group Ansible_Host_SG details
2020-01-17 04:55:48,719 dellemc_powermax_storagegroup.py INFO : universion_details: {'is_valid_universion': True, 'user_message': ''}
2020-01-17 04:55:48,719 dellemc_powermax_storagegroup.py INFO : Got PyU4V instance for provisioning on PowerMax 
2020-01-17 04:55:48,719 dellemc_powermax_storagegroup.py INFO : Getting storage group Ansible_Host_SG details
2020-01-17 04:55:48,760 dellemc_powermax_storagegroup.py INFO : The storage group True needs to be modified and the modified param are {'modified_slo': 'Diamond'} 
2020-01-17 04:55:48,760 dellemc_powermax_storagegroup.py INFO : Delete storage group Ansible_Host_SG 
2020-01-17 04:55:48,819 dellemc_powermax_storagegroup.py ERROR : Delete storage group Ansible_Host_SG failed with error Bad or unexpected response from the storage volume backend API: Error Delete storagegroup resource. The status code received is 500 and the message is {'message': 'A problem occurred deleting the storage group resources: java.lang.ArrayStoreException'}. 
2020-01-17 05:00:22,467 dellemc_powermax_srdf.py INFO : universion_details: {'is_valid_universion': True, 'user_message': ''}
2020-01-17 05:00:22,467 dellemc_powermax_srdf.py INFO : Got PyU4V instance for replication on PowerMax 
2020-01-17 05:00:23,000 dellemc_powermax_srdf.py INFO : No RDF group exists for the given storage group
2020-01-17 05:00:23,000 dellemc_powermax_srdf.py INFO : Creating srdf_link with parameters:sg_name=Ansible_Host_SG, remote_serial_no=000297700178, srdfmode=Synchronous, establish_flag=False, rdfgroup_no=None, new_rdf_group=False, async_flag=True
2020-01-17 05:00:23,095 dellemc_powermax_srdf.py INFO : Response from create SRDF link call {'jobId': '1579265914164', 'name': 'Protect Storage Group - SRDF Ansible_Host_SG', 'status': 'RUNNING', 'username': 'C:VMAX\\smc', 'last_modified_date': 'Jan-17-2020 12:58:34.165', 'last_modified_date_milliseconds': 1579265914165, 'completed_date_milliseconds': 0, 'task': [{'execution_order': 1, 'description': 'SRDF protect Storage Group Ansible_Host_SG to remote array 000297700178, mode = Synchronous, establish = false, remote Storage Group = Ansible_Host_SG'}], 'resourceLink': 'https://unisphere4powermax:8443/univmax/restapi/90/replication/symmetrix/000197600156/storagegroup/Ansible_Host_SG/rdf_group/UNKNOWN', 'result': 'Started job execution on Fri 17 Jan 2020 12:58:34 UTC'}
2020-01-17 05:00:23,095 dellemc_powermax_srdf.py INFO : changed True
2020-01-17 05:00:23,507 dellemc_powermax_srdf.py INFO : universion_details: {'is_valid_universion': True, 'user_message': ''}
2020-01-17 05:00:23,507 dellemc_powermax_srdf.py INFO : Got PyU4V instance for replication on PowerMax 
2020-01-17 05:00:23,536 dellemc_powermax_srdf.py INFO : No RDF group exists for the given storage group
2020-01-17 05:00:23,536 dellemc_powermax_srdf.py INFO : changed False
2020-01-17 05:00:24,098 dellemc_powermax_storagegroup.py INFO : universion_details: {'is_valid_universion': True, 'user_message': ''}
2020-01-17 05:00:24,098 dellemc_powermax_storagegroup.py INFO : Got PyU4V instance for provisioning on PowerMax 
2020-01-17 05:00:24,098 dellemc_powermax_storagegroup.py INFO : Getting storage group Ansible_Host_SG details
2020-01-17 05:00:24,132 dellemc_powermax_storagegroup.py INFO : The storage group False needs to be modified and the modified param are {} 
2020-01-17 05:00:24,132 dellemc_powermax_storagegroup.py INFO : Get volumes for storage group Ansible_Host_SG
2020-01-17 05:00:24,132 dellemc_powermax_storagegroup.py INFO : Getting the list of volumes from storage group Ansible_Host_SG
2020-01-17 05:00:24,163 dellemc_powermax_storagegroup.py INFO : 3 volumes present in storage group Ansible_Host_SG
2020-01-17 05:00:24,163 dellemc_powermax_storagegroup.py INFO : Found storage group {'storageGroupId': 'Ansible_Host_SG', 'slo': 'Diamond', 'base_slo_name': 'Diamond', 'service_level': 'Diamond', 'srp': 'SRP_1', 'slo_compliance': 'NONE', 'num_of_vols': 3, 'num_of_child_sgs': 0, 'num_of_parent_sgs': 0, 'num_of_masking_views': 0, 'num_of_snapshots': 0, 'cap_gb': 3.01, 'device_emulation': 'FBA', 'type': 'Standalone', 'unprotected': True, 'compression': True, 'VPSaved': '100.0%', 'vp_saved_percent': 100.0}
2020-01-17 05:00:24,163 dellemc_powermax_storagegroup.py INFO : Getting storage group Ansible_Host_SG details
2020-01-17 05:00:24,587 dellemc_powermax_storagegroup.py INFO : universion_details: {'is_valid_universion': True, 'user_message': ''}
2020-01-17 05:00:24,587 dellemc_powermax_storagegroup.py INFO : Got PyU4V instance for provisioning on PowerMax 
2020-01-17 05:00:24,587 dellemc_powermax_storagegroup.py INFO : Getting storage group Ansible_Host_SG details
2020-01-17 05:00:24,616 dellemc_powermax_storagegroup.py INFO : The storage group False needs to be modified and the modified param are {} 
2020-01-17 05:00:24,616 dellemc_powermax_storagegroup.py INFO : Delete storage group Ansible_Host_SG 
2020-01-17 05:00:27,487 dellemc_powermax_volume.py INFO : universion_details: {'is_valid_universion': True, 'user_message': ''}
2020-01-17 05:00:27,487 dellemc_powermax_volume.py INFO : Got PyU4V instance for provisioning on to VMAX 
2020-01-17 05:00:27,487 dellemc_powermax_volume.py INFO : Getting volume 00110 details using native id
2020-01-17 05:00:27,696 dellemc_powermax_volume.py INFO : Deleting volume 00110 
2020-01-17 05:00:32,337 dellemc_powermax_volume.py INFO : Getting volume 00110 details using native id
2020-01-17 05:00:32,442 dellemc_powermax_volume.py ERROR : Got error The requested resource was not found: Error get volume. The status code received is 404 and the message is {'message': 'Volume [00110] on Symmetrix [000297700178] cannot be found'}. while getting details of volume The requested resource was not found: Error get volume. The status code received is 404 and the message is {'message': 'Volume [00110] on Symmetrix [000297700178] cannot be found'}.
2020-01-17 05:00:32,781 dellemc_powermax_volume.py INFO : universion_details: {'is_valid_universion': True, 'user_message': ''}
2020-01-17 05:00:32,781 dellemc_powermax_volume.py INFO : Got PyU4V instance for provisioning on to VMAX 
2020-01-17 05:00:32,781 dellemc_powermax_volume.py INFO : Getting volume 00111 details using native id
2020-01-17 05:00:32,922 dellemc_powermax_volume.py INFO : Deleting volume 00111 
2020-01-17 05:00:37,583 dellemc_powermax_volume.py INFO : Getting volume 00111 details using native id
2020-01-17 05:00:37,670 dellemc_powermax_volume.py ERROR : Got error The requested resource was not found: Error get volume. The status code received is 404 and the message is {'message': 'Volume [00111] on Symmetrix [000297700178] cannot be found'}. while getting details of volume The requested resource was not found: Error get volume. The status code received is 404 and the message is {'message': 'Volume [00111] on Symmetrix [000297700178] cannot be found'}.
2020-01-17 05:00:38,009 dellemc_powermax_volume.py INFO : universion_details: {'is_valid_universion': True, 'user_message': ''}
2020-01-17 05:00:38,010 dellemc_powermax_volume.py INFO : Got PyU4V instance for provisioning on to VMAX 
2020-01-17 05:00:38,010 dellemc_powermax_volume.py INFO : Getting volume 00112 details using native id
2020-01-17 05:00:38,230 dellemc_powermax_volume.py INFO : Deleting volume 00112 
2020-01-17 05:00:42,876 dellemc_powermax_volume.py INFO : Getting volume 00112 details using native id
2020-01-17 05:00:43,018 dellemc_powermax_volume.py ERROR : Got error The requested resource was not found: Error get volume. The status code received is 404 and the message is {'message': 'Volume [00112] on Symmetrix [000297700178] cannot be found'}. while getting details of volume The requested resource was not found: Error get volume. The status code received is 404 and the message is {'message': 'Volume [00112] on Symmetrix [000297700178] cannot be found'}.
2020-01-17 05:00:43,532 dellemc_powermax_maskingview.py INFO : universion_details: {'is_valid_universion': True, 'user_message': ''}
2020-01-17 05:00:43,532 dellemc_powermax_maskingview.py INFO : Got PyU4V instance for provisioning on PowerMax
2020-01-17 05:00:43,573 dellemc_powermax_maskingview.py INFO : Getting masking view Ansible_Host_MV details
2020-01-17 05:00:43,580 dellemc_powermax_maskingview.py INFO : Delete masking view Ansible_Host_MV 
2020-01-17 05:00:45,135 dellemc_powermax_storagegroup.py INFO : universion_details: {'is_valid_universion': True, 'user_message': ''}
2020-01-17 05:00:45,135 dellemc_powermax_storagegroup.py INFO : Got PyU4V instance for provisioning on PowerMax 
2020-01-17 05:00:45,135 dellemc_powermax_storagegroup.py INFO : Getting storage group Ansible_Host_SG details
2020-01-17 05:00:45,186 dellemc_powermax_storagegroup.py INFO : The storage group True needs to be modified and the modified param are {'modified_slo': 'Diamond'} 
2020-01-17 05:00:45,186 dellemc_powermax_storagegroup.py INFO : Get volumes for storage group Ansible_Host_SG
2020-01-17 05:00:45,186 dellemc_powermax_storagegroup.py INFO : Getting the list of volumes from storage group Ansible_Host_SG
2020-01-17 05:00:45,195 dellemc_powermax_storagegroup.py INFO : 3 volumes present in storage group Ansible_Host_SG
2020-01-17 05:00:45,195 dellemc_powermax_storagegroup.py INFO : Modifying Storage group Ansible_Host_SG
2020-01-17 05:00:45,195 dellemc_powermax_storagegroup.py INFO : Getting storage group Ansible_Host_SG details
2020-01-17 05:00:45,226 dellemc_powermax_storagegroup.py INFO : Modifying the SG SLO to Diamond 
2020-01-17 05:00:45,226 dellemc_powermax_storagegroup.py INFO : The existing SG SLO is Bronze and the desired SG SLO is Diamond 
2020-01-17 05:00:48,631 dellemc_powermax_storagegroup.py INFO : Getting the list of volumes from storage group Ansible_Host_SG
2020-01-17 05:00:48,641 dellemc_powermax_storagegroup.py INFO : 3 volumes present in storage group Ansible_Host_SG
2020-01-17 05:00:48,641 dellemc_powermax_storagegroup.py INFO : Found storage group {'storageGroupId': 'Ansible_Host_SG', 'slo': 'Bronze', 'base_slo_name': 'Bronze', 'service_level': 'Bronze', 'srp': 'SRP_1', 'slo_compliance': 'STABLE', 'num_of_vols': 3, 'num_of_child_sgs': 0, 'num_of_parent_sgs': 0, 'num_of_masking_views': 0, 'num_of_snapshots': 0, 'cap_gb': 3.01, 'device_emulation': 'FBA', 'type': 'Standalone', 'unprotected': True, 'compression': True, 'VPSaved': '100.0%', 'vp_saved_percent': 100.0}
2020-01-17 05:00:48,641 dellemc_powermax_storagegroup.py INFO : Getting storage group Ansible_Host_SG details
2020-01-17 05:00:49,008 dellemc_powermax_storagegroup.py INFO : universion_details: {'is_valid_universion': True, 'user_message': ''}
2020-01-17 05:00:49,008 dellemc_powermax_storagegroup.py INFO : Got PyU4V instance for provisioning on PowerMax 
2020-01-17 05:00:49,008 dellemc_powermax_storagegroup.py INFO : Getting storage group Ansible_Host_SG details
2020-01-17 05:00:49,038 dellemc_powermax_storagegroup.py INFO : The storage group False needs to be modified and the modified param are {} 
2020-01-17 05:00:49,038 dellemc_powermax_storagegroup.py INFO : Delete storage group Ansible_Host_SG 
2020-01-17 05:00:51,545 dellemc_powermax_volume.py INFO : universion_details: {'is_valid_universion': True, 'user_message': ''}
2020-01-17 05:00:51,545 dellemc_powermax_volume.py INFO : Got PyU4V instance for provisioning on to VMAX 
2020-01-17 05:00:51,545 dellemc_powermax_volume.py INFO : Getting volume 00119 details using native id
2020-01-17 05:00:51,713 dellemc_powermax_volume.py INFO : Deleting volume 00119 
2020-01-17 05:00:56,162 dellemc_powermax_volume.py INFO : Getting volume 00119 details using native id
2020-01-17 05:00:56,266 dellemc_powermax_volume.py ERROR : Got error The requested resource was not found: Error get volume. The status code received is 404 and the message is {'message': 'Volume [00119] on Symmetrix [000197600156] cannot be found'}. while getting details of volume The requested resource was not found: Error get volume. The status code received is 404 and the message is {'message': 'Volume [00119] on Symmetrix [000197600156] cannot be found'}.
2020-01-17 05:00:56,606 dellemc_powermax_volume.py INFO : universion_details: {'is_valid_universion': True, 'user_message': ''}
2020-01-17 05:00:56,606 dellemc_powermax_volume.py INFO : Got PyU4V instance for provisioning on to VMAX 
2020-01-17 05:00:56,606 dellemc_powermax_volume.py INFO : Getting volume 0011B details using native id
2020-01-17 05:00:56,802 dellemc_powermax_volume.py INFO : Deleting volume 0011B 
2020-01-17 05:01:01,285 dellemc_powermax_volume.py INFO : Getting volume 0011B details using native id
2020-01-17 05:01:01,373 dellemc_powermax_volume.py ERROR : Got error The requested resource was not found: Error get volume. The status code received is 404 and the message is {'message': 'Volume [0011B] on Symmetrix [000197600156] cannot be found'}. while getting details of volume The requested resource was not found: Error get volume. The status code received is 404 and the message is {'message': 'Volume [0011B] on Symmetrix [000197600156] cannot be found'}.
2020-01-17 05:01:01,713 dellemc_powermax_volume.py INFO : universion_details: {'is_valid_universion': True, 'user_message': ''}
2020-01-17 05:01:01,713 dellemc_powermax_volume.py INFO : Got PyU4V instance for provisioning on to VMAX 
2020-01-17 05:01:01,713 dellemc_powermax_volume.py INFO : Getting volume 0011C details using native id
2020-01-17 05:01:01,839 dellemc_powermax_volume.py INFO : Deleting volume 0011C 
2020-01-17 05:01:06,301 dellemc_powermax_volume.py INFO : Getting volume 0011C details using native id
2020-01-17 05:01:06,416 dellemc_powermax_volume.py ERROR : Got error The requested resource was not found: Error get volume. The status code received is 404 and the message is {'message': 'Volume [0011C] on Symmetrix [000197600156] cannot be found'}. while getting details of volume The requested resource was not found: Error get volume. The status code received is 404 and the message is {'message': 'Volume [0011C] on Symmetrix [000197600156] cannot be found'}.
2020-01-17 05:01:06,921 dellemc_powermax_host.py INFO : universion_details: {'is_valid_universion': True, 'user_message': ''}
2020-01-17 05:01:06,921 dellemc_powermax_host.py INFO : Got PyU4V instance for provisioning on PowerMax 
2020-01-17 05:01:06,921 dellemc_powermax_host.py INFO : Getting host Ansible_Host_IG details
2020-01-17 05:01:06,962 dellemc_powermax_host.py INFO : Delete host Ansible_Host_IG 
2020-01-17 05:01:08,042 dellemc_powermax_host.py INFO : changed True
2020-01-17 05:01:08,537 dellemc_powermax_portgroup.py INFO : universion_details: {'is_valid_universion': True, 'user_message': ''}
2020-01-17 05:01:08,537 dellemc_powermax_portgroup.py INFO : Got PyU4V instance for provisioning on PowerMax
2020-01-17 05:01:08,538 dellemc_powermax_portgroup.py INFO : Getting port group Ansible_Host_PG details
2020-01-17 05:01:08,589 dellemc_powermax_portgroup.py INFO : Delete post group Ansible_Host_PG 
2020-01-17 05:01:55,852 dellemc_powermax_storagegroup.py INFO : universion_details: {'is_valid_universion': True, 'user_message': ''}
2020-01-17 05:01:55,852 dellemc_powermax_storagegroup.py INFO : Got PyU4V instance for provisioning on PowerMax 
2020-01-17 05:01:55,852 dellemc_powermax_storagegroup.py INFO : Getting storage group Ansible_Host_SG details
2020-01-17 05:01:55,887 dellemc_powermax_storagegroup.py INFO : Got error The requested resource was not found: Error get storagegroup. The status code received is 404 and the message is {'message': 'Storage Group [Ansible_Host_SG] on Symmetrix [000197600156] cannot be found'}. while getting details of storage group Ansible_Host_SG
2020-01-17 05:01:55,887 dellemc_powermax_storagegroup.py INFO : Creating storage group Ansible_Host_SG
2020-01-17 05:01:55,887 dellemc_powermax_storagegroup.py INFO : Creating empty storage group Ansible_Host_SG 
2020-01-17 05:01:58,342 dellemc_powermax_storagegroup.py INFO : Get volumes for storage group Ansible_Host_SG
2020-01-17 05:01:58,342 dellemc_powermax_storagegroup.py INFO : Getting the list of volumes from storage group Ansible_Host_SG
2020-01-17 05:01:58,350 dellemc_powermax_storagegroup.py INFO : 0 volumes present in storage group Ansible_Host_SG
2020-01-17 05:01:58,729 dellemc_powermax_storagegroup.py INFO : universion_details: {'is_valid_universion': True, 'user_message': ''}
2020-01-17 05:01:58,729 dellemc_powermax_storagegroup.py INFO : Got PyU4V instance for provisioning on PowerMax 
2020-01-17 05:01:58,729 dellemc_powermax_storagegroup.py INFO : Getting storage group Ansible_Host_SG details
2020-01-17 05:01:58,757 dellemc_powermax_storagegroup.py INFO : The storage group False needs to be modified and the modified param are {} 
2020-01-17 05:01:58,757 dellemc_powermax_storagegroup.py INFO : Create new volume(s) for storage group Ansible_Host_SG
2020-01-17 05:01:58,757 dellemc_powermax_storagegroup.py INFO : Creating new volumes for SG Ansible_Host_SG
2020-01-17 05:01:58,764 dellemc_powermax_storagegroup.py INFO : Processing vol {'vol_name': 'Ansible_Host_Dev1', 'size': 1, 'cap_unit': 'GB'}
2020-01-17 05:01:58,771 dellemc_powermax_storagegroup.py INFO : No volume found with volume identifier Ansible_Host_Dev1 in storage group Ansible_Host_SG
2020-01-17 05:01:58,771 dellemc_powermax_storagegroup.py INFO : Creating volume with name Ansible_Host_Dev1, size 1 GB
2020-01-17 05:02:14,054 dellemc_powermax_storagegroup.py INFO : Processing vol {'vol_name': 'Ansible_Host_Dev2', 'size': 1, 'cap_unit': 'GB'}
2020-01-17 05:02:14,063 dellemc_powermax_storagegroup.py INFO : No volume found with volume identifier Ansible_Host_Dev2 in storage group Ansible_Host_SG
2020-01-17 05:02:14,063 dellemc_powermax_storagegroup.py INFO : Creating volume with name Ansible_Host_Dev2, size 1 GB
2020-01-17 05:02:29,416 dellemc_powermax_storagegroup.py INFO : Processing vol {'vol_name': 'Ansible_Host_Dev3', 'size': 1, 'cap_unit': 'GB'}
2020-01-17 05:02:29,442 dellemc_powermax_storagegroup.py INFO : No volume found with volume identifier Ansible_Host_Dev3 in storage group Ansible_Host_SG
2020-01-17 05:02:29,442 dellemc_powermax_storagegroup.py INFO : Creating volume with name Ansible_Host_Dev3, size 1 GB
2020-01-17 05:02:44,767 dellemc_powermax_storagegroup.py INFO : Add existing volume(s) to storage group Ansible_Host_SG
2020-01-17 05:02:45,008 dellemc_powermax_storagegroup.py INFO : The given volumes [] are already present in storage group Ansible_Host_SG
2020-01-17 05:02:45,008 dellemc_powermax_storagegroup.py INFO : Found storage group {'storageGroupId': 'Ansible_Host_SG', 'slo': 'Bronze', 'base_slo_name': 'Bronze', 'service_level': 'Bronze', 'srp': 'SRP_1', 'slo_compliance': 'STABLE', 'num_of_vols': 0, 'num_of_child_sgs': 0, 'num_of_parent_sgs': 0, 'num_of_masking_views': 0, 'num_of_snapshots': 0, 'cap_gb': 0.0, 'device_emulation': 'N/A', 'type': 'Standalone', 'unprotected': True, 'compression': True, 'VPSaved': 'N/A'}
2020-01-17 05:02:45,008 dellemc_powermax_storagegroup.py INFO : Getting storage group Ansible_Host_SG details
2020-01-17 05:02:45,535 dellemc_powermax_host.py INFO : universion_details: {'is_valid_universion': True, 'user_message': ''}
2020-01-17 05:02:45,536 dellemc_powermax_host.py INFO : Got PyU4V instance for provisioning on PowerMax 
2020-01-17 05:02:45,536 dellemc_powermax_host.py INFO : Getting host Ansible_Host_IG details
2020-01-17 05:02:45,620 dellemc_powermax_host.py ERROR : Got error The requested resource was not found: Error get host. The status code received is 404 and the message is {'message': 'Initiator Group [Ansible_Host_IG] on Symmetrix [000197600156] cannot be found'}. while getting details of host The requested resource was not found: Error get host. The status code received is 404 and the message is {'message': 'Initiator Group [Ansible_Host_IG] on Symmetrix [000197600156] cannot be found'}.
2020-01-17 05:02:45,621 dellemc_powermax_host.py INFO : Creating host Ansible_Host_IG
2020-01-17 05:02:45,621 dellemc_powermax_host.py INFO : Creating host Ansible_Host_IG with parameters:initiators=['10000000cabffaee', '10000000cccffaef'],host_flags=None
2020-01-17 05:02:46,874 dellemc_powermax_host.py INFO : Getting host Ansible_Host_IG details
2020-01-17 05:02:46,883 dellemc_powermax_host.py INFO : changed True
2020-01-17 05:02:47,373 dellemc_powermax_portgroup.py INFO : universion_details: {'is_valid_universion': True, 'user_message': ''}
2020-01-17 05:02:47,374 dellemc_powermax_portgroup.py INFO : Got PyU4V instance for provisioning on PowerMax
2020-01-17 05:02:47,374 dellemc_powermax_portgroup.py INFO : Getting port group Ansible_Host_PG details
2020-01-17 05:02:47,454 dellemc_powermax_portgroup.py ERROR : Got error The requested resource was not found: Error get portgroup. The status code received is 404 and the message is {'message': 'Port Group [Ansible_Host_PG] on Symmetrix [000197600156] cannot be found'}. while getting details of port group The requested resource was not found: Error get portgroup. The status code received is 404 and the message is {'message': 'Port Group [Ansible_Host_PG] on Symmetrix [000197600156] cannot be found'}.
2020-01-17 05:02:47,454 dellemc_powermax_portgroup.py INFO : Creating port group Ansible_Host_PG
2020-01-17 05:02:47,455 dellemc_powermax_portgroup.py INFO : Creating port group Ansible_Host_PG with ports [{'directorId': 'FA-1D', 'portId': 8}, {'directorId': 'FA-2D', 'portId': 8}]
2020-01-17 05:02:48,554 dellemc_powermax_portgroup.py INFO : Getting port group Ansible_Host_PG details
2020-01-17 05:02:49,052 dellemc_powermax_maskingview.py INFO : universion_details: {'is_valid_universion': True, 'user_message': ''}
2020-01-17 05:02:49,052 dellemc_powermax_maskingview.py INFO : Got PyU4V instance for provisioning on PowerMax
2020-01-17 05:02:49,085 dellemc_powermax_maskingview.py INFO : Masking view Ansible_Host_MV is not present in system
2020-01-17 05:02:49,085 dellemc_powermax_maskingview.py INFO : Creating masking view Ansible_Host_MV
2020-01-17 05:02:49,085 dellemc_powermax_maskingview.py INFO : Creating masking view Ansible_Host_MV... 
2020-01-17 05:03:30,021 dellemc_powermax_srdf.py INFO : universion_details: {'is_valid_universion': True, 'user_message': ''}
2020-01-17 05:03:30,022 dellemc_powermax_srdf.py INFO : Got PyU4V instance for replication on PowerMax 
2020-01-17 05:03:30,053 dellemc_powermax_srdf.py INFO : No RDF group exists for the given storage group
2020-01-17 05:03:30,053 dellemc_powermax_srdf.py INFO : Creating srdf_link with parameters:sg_name=Ansible_Host_SG, remote_serial_no=000297700178, srdfmode=Synchronous, establish_flag=True, rdfgroup_no=None, new_rdf_group=False, async_flag=True
2020-01-17 05:03:30,111 dellemc_powermax_srdf.py INFO : Response from create SRDF link call {'jobId': '1579266101223', 'name': 'Protect Storage Group - SRDF Ansible_Host_SG', 'status': 'RUNNING', 'username': 'C:VMAX\\smc', 'last_modified_date': 'Jan-17-2020 13:01:41.224', 'last_modified_date_milliseconds': 1579266101224, 'completed_date_milliseconds': 0, 'task': [{'execution_order': 1, 'description': 'SRDF protect Storage Group Ansible_Host_SG to remote array 000297700178, mode = Synchronous, establish = true, remote Storage Group = Ansible_Host_SG'}], 'resourceLink': 'https://unisphere4powermax:8443/univmax/restapi/90/replication/symmetrix/000197600156/storagegroup/Ansible_Host_SG/rdf_group/UNKNOWN', 'result': 'Started job execution on Fri 17 Jan 2020 13:01:41 UTC'}
2020-01-17 05:03:30,111 dellemc_powermax_srdf.py INFO : changed True
2020-01-17 05:04:35,479 dellemc_powermax_srdf.py INFO : universion_details: {'is_valid_universion': True, 'user_message': ''}
2020-01-17 05:04:35,480 dellemc_powermax_srdf.py INFO : Got PyU4V instance for replication on PowerMax 
2020-01-17 05:04:36,236 dellemc_powermax_srdf.py INFO : Getting srdf details for storage group Ansible_Host_SG with rdfg number24
2020-01-17 05:04:36,475 dellemc_powermax_srdf.py INFO : SRDF link details fetched are: {'symmetrixId': '000197600156', 'storageGroupName': 'Ansible_Host_SG', 'rdfGroupNumber': 24, 'volumeRdfTypes': ['R1'], 'states': ['Synchronized'], 'modes': ['Synchronous'], 'largerRdfSides': ['Equal'], 'totalTracks': 24615, 'localR1InvalidTracksHop1': 0, 'localR2InvalidTracksHop1': 0, 'remoteR1InvalidTracksHop1': 0, 'remoteR2InvalidTracksHop1': 0}
2020-01-17 05:04:36,476 dellemc_powermax_srdf.py INFO : Modification of SRDF state not required
2020-01-17 05:04:36,476 dellemc_powermax_srdf.py INFO : changed False
2020-01-17 05:04:36,888 dellemc_powermax_srdf.py INFO : universion_details: {'is_valid_universion': True, 'user_message': ''}
2020-01-17 05:04:36,888 dellemc_powermax_srdf.py INFO : Got PyU4V instance for replication on PowerMax 
2020-01-17 05:04:36,930 dellemc_powermax_srdf.py INFO : Getting srdf details for storage group Ansible_Host_SG with rdfg number24
2020-01-17 05:04:37,155 dellemc_powermax_srdf.py INFO : SRDF link details fetched are: {'symmetrixId': '000197600156', 'storageGroupName': 'Ansible_Host_SG', 'rdfGroupNumber': 24, 'volumeRdfTypes': ['R1'], 'states': ['Synchronized'], 'modes': ['Synchronous'], 'largerRdfSides': ['Equal'], 'totalTracks': 24615, 'localR1InvalidTracksHop1': 0, 'localR2InvalidTracksHop1': 0, 'remoteR1InvalidTracksHop1': 0, 'remoteR2InvalidTracksHop1': 0}
2020-01-17 05:04:37,155 dellemc_powermax_srdf.py INFO : Modifying SRDF state from Synchronized to Failover
2020-01-17 05:04:37,155 dellemc_powermax_srdf.py INFO : The modify_body is {'storagegroup_id': 'Ansible_Host_SG', 'rdfg': 24, 'action': 'Failover', '_async': False}:
2020-01-17 05:04:52,023 dellemc_powermax_srdf.py INFO : changed True
2020-01-17 05:05:05,812 dellemc_powermax_srdf.py INFO : universion_details: {'is_valid_universion': True, 'user_message': ''}
2020-01-17 05:05:05,812 dellemc_powermax_srdf.py INFO : Got PyU4V instance for replication on PowerMax 
2020-01-17 05:05:06,093 dellemc_powermax_srdf.py INFO : Getting srdf details for storage group Ansible_Host_SG with rdfg number24
2020-01-17 05:05:06,309 dellemc_powermax_srdf.py INFO : SRDF link details fetched are: {'symmetrixId': '000197600156', 'storageGroupName': 'Ansible_Host_SG', 'rdfGroupNumber': 24, 'volumeRdfTypes': ['R1'], 'states': ['Failed Over'], 'modes': ['Synchronous'], 'largerRdfSides': ['Equal'], 'totalTracks': 24615, 'localR1InvalidTracksHop1': 0, 'localR2InvalidTracksHop1': 0, 'remoteR1InvalidTracksHop1': 0, 'remoteR2InvalidTracksHop1': 0}
2020-01-17 05:05:06,310 dellemc_powermax_srdf.py INFO : Modification of SRDF state not required
2020-01-17 05:05:06,310 dellemc_powermax_srdf.py INFO : changed False
2020-01-17 05:05:06,719 dellemc_powermax_srdf.py INFO : universion_details: {'is_valid_universion': True, 'user_message': ''}
2020-01-17 05:05:06,720 dellemc_powermax_srdf.py INFO : Got PyU4V instance for replication on PowerMax 
2020-01-17 05:05:06,756 dellemc_powermax_srdf.py INFO : Getting srdf details for storage group Ansible_Host_SG with rdfg number24
2020-01-17 05:05:07,013 dellemc_powermax_srdf.py INFO : SRDF link details fetched are: {'symmetrixId': '000197600156', 'storageGroupName': 'Ansible_Host_SG', 'rdfGroupNumber': 24, 'volumeRdfTypes': ['R1'], 'states': ['Failed Over'], 'modes': ['Synchronous'], 'largerRdfSides': ['Equal'], 'totalTracks': 24615, 'localR1InvalidTracksHop1': 0, 'localR2InvalidTracksHop1': 0, 'remoteR1InvalidTracksHop1': 0, 'remoteR2InvalidTracksHop1': 0}
2020-01-17 05:05:07,013 dellemc_powermax_srdf.py INFO : Deleting srdf_link with SG Ansible_Host_SG 
2020-01-17 05:05:17,978 dellemc_powermax_srdf.py INFO : changed True
2020-01-17 05:05:18,533 dellemc_powermax_storagegroup.py INFO : universion_details: {'is_valid_universion': True, 'user_message': ''}
2020-01-17 05:05:18,534 dellemc_powermax_storagegroup.py INFO : Got PyU4V instance for provisioning on PowerMax 
2020-01-17 05:05:18,534 dellemc_powermax_storagegroup.py INFO : Getting storage group Ansible_Host_SG details
2020-01-17 05:05:18,688 dellemc_powermax_storagegroup.py INFO : The storage group True needs to be modified and the modified param are {'modified_slo': 'Diamond'} 
2020-01-17 05:05:18,688 dellemc_powermax_storagegroup.py INFO : Get volumes for storage group Ansible_Host_SG
2020-01-17 05:05:18,688 dellemc_powermax_storagegroup.py INFO : Getting the list of volumes from storage group Ansible_Host_SG
2020-01-17 05:05:18,696 dellemc_powermax_storagegroup.py INFO : 3 volumes present in storage group Ansible_Host_SG
2020-01-17 05:05:18,696 dellemc_powermax_storagegroup.py INFO : Modifying Storage group Ansible_Host_SG
2020-01-17 05:05:18,696 dellemc_powermax_storagegroup.py INFO : Getting storage group Ansible_Host_SG details
2020-01-17 05:05:18,702 dellemc_powermax_storagegroup.py INFO : Modifying the SG SLO to Diamond 
2020-01-17 05:05:18,702 dellemc_powermax_storagegroup.py INFO : The existing SG SLO is Bronze and the desired SG SLO is Diamond 
2020-01-17 05:05:22,225 dellemc_powermax_storagegroup.py INFO : Getting the list of volumes from storage group Ansible_Host_SG
2020-01-17 05:05:22,258 dellemc_powermax_storagegroup.py INFO : 3 volumes present in storage group Ansible_Host_SG
2020-01-17 05:05:22,258 dellemc_powermax_storagegroup.py INFO : Found storage group {'storageGroupId': 'Ansible_Host_SG', 'slo': 'Bronze', 'base_slo_name': 'Bronze', 'service_level': 'Bronze', 'srp': 'SRP_1', 'slo_compliance': 'NONE', 'num_of_vols': 3, 'num_of_child_sgs': 0, 'num_of_parent_sgs': 0, 'num_of_masking_views': 0, 'num_of_snapshots': 0, 'cap_gb': 3.01, 'device_emulation': 'FBA', 'type': 'Standalone', 'unprotected': True, 'compression': True, 'VPSaved': '100.0%', 'vp_saved_percent': 100.0}
2020-01-17 05:05:22,258 dellemc_powermax_storagegroup.py INFO : Getting storage group Ansible_Host_SG details
2020-01-17 05:05:22,698 dellemc_powermax_storagegroup.py INFO : universion_details: {'is_valid_universion': True, 'user_message': ''}
2020-01-17 05:05:22,698 dellemc_powermax_storagegroup.py INFO : Got PyU4V instance for provisioning on PowerMax 
2020-01-17 05:05:22,698 dellemc_powermax_storagegroup.py INFO : Getting storage group Ansible_Host_SG details
2020-01-17 05:05:22,727 dellemc_powermax_storagegroup.py INFO : The storage group False needs to be modified and the modified param are {} 
2020-01-17 05:05:22,727 dellemc_powermax_storagegroup.py INFO : Delete storage group Ansible_Host_SG 
2020-01-17 05:05:25,570 dellemc_powermax_volume.py INFO : universion_details: {'is_valid_universion': True, 'user_message': ''}
2020-01-17 05:05:25,571 dellemc_powermax_volume.py INFO : Got PyU4V instance for provisioning on to VMAX 
2020-01-17 05:05:25,571 dellemc_powermax_volume.py INFO : Getting volume 00110 details using native id
2020-01-17 05:05:25,807 dellemc_powermax_volume.py INFO : Deleting volume 00110 
2020-01-17 05:05:30,395 dellemc_powermax_volume.py INFO : Getting volume 00110 details using native id
2020-01-17 05:05:30,484 dellemc_powermax_volume.py ERROR : Got error The requested resource was not found: Error get volume. The status code received is 404 and the message is {'message': 'Volume [00110] on Symmetrix [000297700178] cannot be found'}. while getting details of volume The requested resource was not found: Error get volume. The status code received is 404 and the message is {'message': 'Volume [00110] on Symmetrix [000297700178] cannot be found'}.
2020-01-17 05:05:30,821 dellemc_powermax_volume.py INFO : universion_details: {'is_valid_universion': True, 'user_message': ''}
2020-01-17 05:05:30,822 dellemc_powermax_volume.py INFO : Got PyU4V instance for provisioning on to VMAX 
2020-01-17 05:05:30,822 dellemc_powermax_volume.py INFO : Getting volume 00111 details using native id
2020-01-17 05:05:30,955 dellemc_powermax_volume.py INFO : Deleting volume 00111 
2020-01-17 05:05:35,585 dellemc_powermax_volume.py INFO : Getting volume 00111 details using native id
2020-01-17 05:05:35,672 dellemc_powermax_volume.py ERROR : Got error The requested resource was not found: Error get volume. The status code received is 404 and the message is {'message': 'Volume [00111] on Symmetrix [000297700178] cannot be found'}. while getting details of volume The requested resource was not found: Error get volume. The status code received is 404 and the message is {'message': 'Volume [00111] on Symmetrix [000297700178] cannot be found'}.
2020-01-17 05:05:36,011 dellemc_powermax_volume.py INFO : universion_details: {'is_valid_universion': True, 'user_message': ''}
2020-01-17 05:05:36,011 dellemc_powermax_volume.py INFO : Got PyU4V instance for provisioning on to VMAX 
2020-01-17 05:05:36,011 dellemc_powermax_volume.py INFO : Getting volume 00112 details using native id
2020-01-17 05:05:36,170 dellemc_powermax_volume.py INFO : Deleting volume 00112 
2020-01-17 05:05:40,861 dellemc_powermax_volume.py INFO : Getting volume 00112 details using native id
2020-01-17 05:05:40,938 dellemc_powermax_volume.py ERROR : Got error The requested resource was not found: Error get volume. The status code received is 404 and the message is {'message': 'Volume [00112] on Symmetrix [000297700178] cannot be found'}. while getting details of volume The requested resource was not found: Error get volume. The status code received is 404 and the message is {'message': 'Volume [00112] on Symmetrix [000297700178] cannot be found'}.
2020-01-17 05:05:41,449 dellemc_powermax_maskingview.py INFO : universion_details: {'is_valid_universion': True, 'user_message': ''}
2020-01-17 05:05:41,449 dellemc_powermax_maskingview.py INFO : Got PyU4V instance for provisioning on PowerMax
2020-01-17 05:05:41,496 dellemc_powermax_maskingview.py INFO : Getting masking view Ansible_Host_MV details
2020-01-17 05:05:41,503 dellemc_powermax_maskingview.py INFO : Delete masking view Ansible_Host_MV 
2020-01-17 05:05:43,220 dellemc_powermax_storagegroup.py INFO : universion_details: {'is_valid_universion': True, 'user_message': ''}
2020-01-17 05:05:43,220 dellemc_powermax_storagegroup.py INFO : Got PyU4V instance for provisioning on PowerMax 
2020-01-17 05:05:43,220 dellemc_powermax_storagegroup.py INFO : Getting storage group Ansible_Host_SG details
2020-01-17 05:05:43,265 dellemc_powermax_storagegroup.py INFO : The storage group True needs to be modified and the modified param are {'modified_slo': 'Diamond'} 
2020-01-17 05:05:43,265 dellemc_powermax_storagegroup.py INFO : Get volumes for storage group Ansible_Host_SG
2020-01-17 05:05:43,265 dellemc_powermax_storagegroup.py INFO : Getting the list of volumes from storage group Ansible_Host_SG
2020-01-17 05:05:43,272 dellemc_powermax_storagegroup.py INFO : 3 volumes present in storage group Ansible_Host_SG
2020-01-17 05:05:43,272 dellemc_powermax_storagegroup.py INFO : Modifying Storage group Ansible_Host_SG
2020-01-17 05:05:43,272 dellemc_powermax_storagegroup.py INFO : Getting storage group Ansible_Host_SG details
2020-01-17 05:05:43,279 dellemc_powermax_storagegroup.py INFO : Modifying the SG SLO to Diamond 
2020-01-17 05:05:43,279 dellemc_powermax_storagegroup.py INFO : The existing SG SLO is Bronze and the desired SG SLO is Diamond 
2020-01-17 05:05:53,506 dellemc_powermax_storagegroup.py INFO : Getting the list of volumes from storage group Ansible_Host_SG
2020-01-17 05:05:53,514 dellemc_powermax_storagegroup.py INFO : 3 volumes present in storage group Ansible_Host_SG
2020-01-17 05:05:53,514 dellemc_powermax_storagegroup.py INFO : Found storage group {'storageGroupId': 'Ansible_Host_SG', 'slo': 'Bronze', 'base_slo_name': 'Bronze', 'service_level': 'Bronze', 'srp': 'SRP_1', 'slo_compliance': 'STABLE', 'num_of_vols': 3, 'num_of_child_sgs': 0, 'num_of_parent_sgs': 0, 'num_of_masking_views': 0, 'num_of_snapshots': 0, 'cap_gb': 3.01, 'device_emulation': 'FBA', 'type': 'Standalone', 'unprotected': True, 'compression': True, 'VPSaved': '100.0%', 'vp_saved_percent': 100.0}
2020-01-17 05:05:53,514 dellemc_powermax_storagegroup.py INFO : Getting storage group Ansible_Host_SG details
2020-01-17 05:05:53,904 dellemc_powermax_storagegroup.py INFO : universion_details: {'is_valid_universion': True, 'user_message': ''}
2020-01-17 05:05:53,904 dellemc_powermax_storagegroup.py INFO : Got PyU4V instance for provisioning on PowerMax 
2020-01-17 05:05:53,905 dellemc_powermax_storagegroup.py INFO : Getting storage group Ansible_Host_SG details
2020-01-17 05:05:53,969 dellemc_powermax_storagegroup.py INFO : The storage group False needs to be modified and the modified param are {} 
2020-01-17 05:05:53,969 dellemc_powermax_storagegroup.py INFO : Delete storage group Ansible_Host_SG 
2020-01-17 05:06:04,672 dellemc_powermax_volume.py INFO : universion_details: {'is_valid_universion': True, 'user_message': ''}
2020-01-17 05:06:04,673 dellemc_powermax_volume.py INFO : Got PyU4V instance for provisioning on to VMAX 
2020-01-17 05:06:04,673 dellemc_powermax_volume.py INFO : Getting volume 00119 details using native id
2020-01-17 05:06:04,938 dellemc_powermax_volume.py INFO : Deleting volume 00119 
2020-01-17 05:06:09,417 dellemc_powermax_volume.py INFO : Getting volume 00119 details using native id
2020-01-17 05:06:09,568 dellemc_powermax_volume.py ERROR : Got error The requested resource was not found: Error get volume. The status code received is 404 and the message is {'message': 'Volume [00119] on Symmetrix [000197600156] cannot be found'}. while getting details of volume The requested resource was not found: Error get volume. The status code received is 404 and the message is {'message': 'Volume [00119] on Symmetrix [000197600156] cannot be found'}.
2020-01-17 05:06:09,903 dellemc_powermax_volume.py INFO : universion_details: {'is_valid_universion': True, 'user_message': ''}
2020-01-17 05:06:09,904 dellemc_powermax_volume.py INFO : Got PyU4V instance for provisioning on to VMAX 
2020-01-17 05:06:09,904 dellemc_powermax_volume.py INFO : Getting volume 0011B details using native id
2020-01-17 05:06:10,073 dellemc_powermax_volume.py INFO : Deleting volume 0011B 
2020-01-17 05:06:16,456 dellemc_powermax_volume.py INFO : Getting volume 0011B details using native id
2020-01-17 05:06:16,545 dellemc_powermax_volume.py ERROR : Got error The requested resource was not found: Error get volume. The status code received is 404 and the message is {'message': 'Volume [0011B] on Symmetrix [000197600156] cannot be found'}. while getting details of volume The requested resource was not found: Error get volume. The status code received is 404 and the message is {'message': 'Volume [0011B] on Symmetrix [000197600156] cannot be found'}.
2020-01-17 05:06:16,885 dellemc_powermax_volume.py INFO : universion_details: {'is_valid_universion': True, 'user_message': ''}
2020-01-17 05:06:16,885 dellemc_powermax_volume.py INFO : Got PyU4V instance for provisioning on to VMAX 
2020-01-17 05:06:16,885 dellemc_powermax_volume.py INFO : Getting volume 0011C details using native id
2020-01-17 05:06:17,045 dellemc_powermax_volume.py INFO : Deleting volume 0011C 
2020-01-17 05:06:22,224 dellemc_powermax_volume.py INFO : Getting volume 0011C details using native id
2020-01-17 05:06:22,303 dellemc_powermax_volume.py ERROR : Got error The requested resource was not found: Error get volume. The status code received is 404 and the message is {'message': 'Volume [0011C] on Symmetrix [000197600156] cannot be found'}. while getting details of volume The requested resource was not found: Error get volume. The status code received is 404 and the message is {'message': 'Volume [0011C] on Symmetrix [000197600156] cannot be found'}.
2020-01-17 05:06:22,803 dellemc_powermax_host.py INFO : universion_details: {'is_valid_universion': True, 'user_message': ''}
2020-01-17 05:06:22,804 dellemc_powermax_host.py INFO : Got PyU4V instance for provisioning on PowerMax 
2020-01-17 05:06:22,804 dellemc_powermax_host.py INFO : Getting host Ansible_Host_IG details
2020-01-17 05:06:22,844 dellemc_powermax_host.py INFO : Delete host Ansible_Host_IG 
2020-01-17 05:06:23,931 dellemc_powermax_host.py INFO : changed True
2020-01-17 05:06:24,424 dellemc_powermax_portgroup.py INFO : universion_details: {'is_valid_universion': True, 'user_message': ''}
2020-01-17 05:06:24,425 dellemc_powermax_portgroup.py INFO : Got PyU4V instance for provisioning on PowerMax
2020-01-17 05:06:24,425 dellemc_powermax_portgroup.py INFO : Getting port group Ansible_Host_PG details
2020-01-17 05:06:24,462 dellemc_powermax_portgroup.py INFO : Delete post group Ansible_Host_PG 
